[23:33:09] [main/WARN]: Ambiguity between arguments [teleport, destination] and [teleport, targets] with inputs: [Player, 0123, @e, dd12be42-52a9-4a91-a8a1-11c01849e498]
[23:33:09] [main/WARN]: Ambiguity between arguments [teleport, location] and [teleport, destination] with inputs: [0.1 -0.5 .9, 0 0 0]
[23:33:09] [main/WARN]: Ambiguity between arguments [teleport, location] and [teleport, targets] with inputs: [0.1 -0.5 .9, 0 0 0]
[23:33:09] [main/WARN]: Ambiguity between arguments [teleport, targets] and [teleport, destination] with inputs: [Player, 0123, dd12be42-52a9-4a91-a8a1-11c01849e498]
[23:33:09] [main/WARN]: Ambiguity between arguments [teleport, targets, location] and [teleport, targets, destination] with inputs: [0.1 -0.5 .9, 0 0 0]
[23:33:09] [Server thread/INFO]: Starting minecraft server version 1.14.4
[23:33:09] [Server thread/INFO]: Loading properties
[23:33:09] [Server thread/INFO]: Default game type: SURVIVAL
[23:33:09] [Server thread/INFO]: Generating keypair
[23:33:11] [Server thread/INFO]: Starting Minecraft server on 192.168.1.72:25565
[23:33:11] [Server thread/INFO]: Using epoll channel type
[23:33:12] [Server thread/INFO]: Preparing level "world"
[23:33:13] [Server thread/INFO]: Reloading ResourceManager: Default
[23:33:17] [Server thread/INFO]: Loaded 6 recipes
[23:33:17] [Server thread/INFO]: Loaded 811 advancements
[23:33:18] [Server thread/INFO]: Preparing start region for dimension minecraft:overworld
[23:33:21] [Server thread/INFO]: Preparing spawn area: 0%
[23:33:21] [Server thread/INFO]: Preparing spawn area: 0%
[23:33:21] [Server thread/INFO]: Preparing spawn area: 0%
[23:33:21] [Server thread/INFO]: Preparing spawn area: 0%
[23:33:21] [Server thread/INFO]: Preparing spawn area: 0%
[23:33:21] [Server thread/INFO]: Preparing spawn area: 0%
[23:33:24] [Server-Worker-3/INFO]: Preparing spawn area: 0%
[23:33:24] [Server-Worker-2/INFO]: Preparing spawn area: 0%
[23:33:24] [Server-Worker-4/INFO]: Preparing spawn area: 0%
[23:33:24] [Server-Worker-1/INFO]: Preparing spawn area: 0%
[23:33:24] [Server-Worker-6/INFO]: Preparing spawn area: 0%
[23:33:24] [Server-Worker-3/INFO]: Preparing spawn area: 0%
[23:33:24] [Server-Worker-2/INFO]: Preparing spawn area: 0%
[23:33:25] [Server thread/INFO]: Preparing spawn area: 56%
[23:33:25] [Server thread/INFO]: Time elapsed: 6663 ms
[23:33:25] [Server thread/INFO]: Done (12.549s)! For help, type "help"
